{
  "stats": {
    "suites": 1,
    "tests": 1,
    "passes": 1,
    "pending": 0,
    "failures": 0,
    "start": "2019-05-23T19:44:59.594Z",
    "end": "2019-05-23T19:45:03.417Z",
    "duration": 3823,
    "testsRegistered": 1,
    "passPercent": 100,
    "pendingPercent": 0,
    "other": 0,
    "hasOther": false,
    "skipped": 0,
    "hasSkipped": false,
    "passPercentClass": "success",
    "pendingPercentClass": "danger"
  },
  "suites": {
    "uuid": "cd65734f-ec80-46ae-b73a-286211644ac6",
    "title": "",
    "fullFile": "",
    "file": "",
    "beforeHooks": [],
    "afterHooks": [],
    "tests": [],
    "suites": [
      {
        "uuid": "ff51794e-33ac-4786-9279-30fe2b5d4bec",
        "title": "Responsive View",
        "fullFile": "",
        "file": "",
        "beforeHooks": [],
        "afterHooks": [],
        "tests": [
          {
            "title": "Opening a Game page in Responsive",
            "fullTitle": "Responsive View Opening a Game page in Responsive",
            "duration": 2763,
            "state": "passed",
            "speed": "slow",
            "pass": true,
            "fail": false,
            "pending": false,
            "code": "if (backgroundSection) {\n  backgroundSection.steps.forEach(step => stepTest.call(this, step));\n}\nscenario.steps.forEach(step => stepTest.call(this, step));",
            "err": {},
            "isRoot": false,
            "uuid": "a8808689-f7f5-4d49-9e53-02db3e5028ab",
            "isHook": false,
            "skipped": false
          }
        ],
        "suites": [],
        "passes": [
          "a8808689-f7f5-4d49-9e53-02db3e5028ab"
        ],
        "failures": [],
        "pending": [],
        "skipped": [],
        "duration": 2763,
        "root": false,
        "rootEmpty": false,
        "_timeout": 2000
      }
    ],
    "passes": [],
    "failures": [],
    "pending": [],
    "skipped": [],
    "duration": 0,
    "root": true,
    "rootEmpty": true,
    "_timeout": 2000
  },
  "copyrightYear": 2019
}