{
  "stats": {
    "suites": 1,
    "tests": 1,
    "passes": 1,
    "pending": 0,
    "failures": 0,
    "start": "2019-05-23T19:25:12.151Z",
    "end": "2019-05-23T19:25:15.811Z",
    "duration": 3660,
    "testsRegistered": 1,
    "passPercent": 100,
    "pendingPercent": 0,
    "other": 0,
    "hasOther": false,
    "skipped": 0,
    "hasSkipped": false,
    "passPercentClass": "success",
    "pendingPercentClass": "danger"
  },
  "suites": {
    "uuid": "cea2dd82-c6ed-4e05-ab49-ceca83d88729",
    "title": "",
    "fullFile": "",
    "file": "",
    "beforeHooks": [],
    "afterHooks": [],
    "tests": [],
    "suites": [
      {
        "uuid": "76541dc2-6ec5-4f75-b9f8-37442f8d2170",
        "title": "Responsive View",
        "fullFile": "",
        "file": "",
        "beforeHooks": [],
        "afterHooks": [],
        "tests": [
          {
            "title": "Opening a Game page in Responsive",
            "fullTitle": "Responsive View Opening a Game page in Responsive",
            "duration": 2706,
            "state": "passed",
            "speed": "slow",
            "pass": true,
            "fail": false,
            "pending": false,
            "code": "if (backgroundSection) {\n  backgroundSection.steps.forEach(step => stepTest.call(this, step));\n}\nscenario.steps.forEach(step => stepTest.call(this, step));",
            "err": {},
            "isRoot": false,
            "uuid": "c2b03007-1f0b-419d-acef-1c0f9d91c0c3",
            "isHook": false,
            "skipped": false
          }
        ],
        "suites": [],
        "passes": [
          "c2b03007-1f0b-419d-acef-1c0f9d91c0c3"
        ],
        "failures": [],
        "pending": [],
        "skipped": [],
        "duration": 2706,
        "root": false,
        "rootEmpty": false,
        "_timeout": 2000
      }
    ],
    "passes": [],
    "failures": [],
    "pending": [],
    "skipped": [],
    "duration": 0,
    "root": true,
    "rootEmpty": true,
    "_timeout": 2000
  },
  "copyrightYear": 2019
}